{
  "stats": {
    "suites": 1,
    "tests": 2,
    "passes": 2,
    "pending": 0,
    "failures": 0,
    "start": "2022-01-30T09:04:03.263Z",
    "end": "2022-01-30T09:04:09.192Z",
    "duration": 5929,
    "testsRegistered": 2,
    "passPercent": 100,
    "pendingPercent": 0,
    "other": 0,
    "hasOther": false,
    "skipped": 0,
    "hasSkipped": false
  },
  "results": [
    {
      "uuid": "3e0fe06c-3712-4bff-949f-cb41e2e86169",
      "title": "",
      "fullFile": "cypress/integration/test-cases/ui_tests.js",
      "file": "cypress/integration/test-cases/ui_tests.js",
      "beforeHooks": [],
      "afterHooks": [],
      "tests": [],
      "suites": [
        {
          "uuid": "4f9e10b1-57f0-422e-9ee0-075dc2f3362a",
          "title": "Functional UI tests",
          "fullFile": "",
          "file": "",
          "beforeHooks": [],
          "afterHooks": [],
          "tests": [
            {
              "title": "Verifying that all hyperlinks on page are valid",
              "fullTitle": "Functional UI tests Verifying that all hyperlinks on page are valid",
              "timedOut": null,
              "duration": 3160,
              "state": "passed",
              "speed": "fast",
              "pass": true,
              "fail": false,
              "pending": false,
              "context": null,
              "code": "cy.visit('http://uitestingplayground.com/home');\ncy.wrap('passed').as('ctrl');\ncy.get(\"a\").each($el => {\n  if ($el.prop('href').length > 0) {\n    const message = $el.text();\n    expect($el, message).to.have.attr(\"href\").not.contain(\"undefined\");\n    cy.log($el.attr('href'));\n  }\n});",
              "err": {},
              "uuid": "e628a25e-33f6-470e-9fd4-23e063b03406",
              "parentUUID": "4f9e10b1-57f0-422e-9ee0-075dc2f3362a",
              "isHook": false,
              "skipped": false
            },
            {
              "title": "Verify page title",
              "fullTitle": "Functional UI tests Verify page title",
              "timedOut": null,
              "duration": 619,
              "state": "passed",
              "speed": "fast",
              "pass": true,
              "fail": false,
              "pending": false,
              "context": null,
              "code": "cy.visit('http://uitestingplayground.com/home');\ncy.title().should(\"eq\", \"UI Test Automation Playground\");",
              "err": {},
              "uuid": "7ac0deac-94a9-449c-b944-498570af7d05",
              "parentUUID": "4f9e10b1-57f0-422e-9ee0-075dc2f3362a",
              "isHook": false,
              "skipped": false
            }
          ],
          "suites": [],
          "passes": [
            "e628a25e-33f6-470e-9fd4-23e063b03406",
            "7ac0deac-94a9-449c-b944-498570af7d05"
          ],
          "failures": [],
          "pending": [],
          "skipped": [],
          "duration": 3779,
          "root": false,
          "rootEmpty": false,
          "_timeout": 2000
        }
      ],
      "passes": [],
      "failures": [],
      "pending": [],
      "skipped": [],
      "duration": 0,
      "root": true,
      "rootEmpty": true,
      "_timeout": 2000
    }
  ],
  "meta": {
    "mocha": {
      "version": "7.0.1"
    },
    "mochawesome": {
      "options": {
        "quiet": false,
        "reportFilename": "mochawesome",
        "saveHtml": false,
        "saveJson": true,
        "consoleReporter": "spec",
        "useInlineDiffs": false,
        "code": true
      },
      "version": "7.0.1"
    },
    "marge": {
      "options": {
        "id": "default",
        "reportDir": "cypress/reports/mocha",
        "quite": true,
        "overwrite": false,
        "html": false,
        "json": true
      },
      "version": "6.0.1"
    }
  }
}