{
  "stats": {
    "suites": 1,
    "tests": 1,
    "passes": 1,
    "pending": 0,
    "failures": 0,
    "start": "2022-01-27T14:45:07.016Z",
    "end": "2022-01-27T14:45:15.545Z",
    "duration": 8529,
    "testsRegistered": 1,
    "passPercent": 100,
    "pendingPercent": 0,
    "other": 0,
    "hasOther": false,
    "skipped": 0,
    "hasSkipped": false
  },
  "results": [
    {
      "uuid": "a6dd59b9-983e-42cc-9b9f-0737ec2bb771",
      "title": "",
      "fullFile": "cypress/integration/test-cases/first_test.js",
      "file": "cypress/integration/test-cases/first_test.js",
      "beforeHooks": [],
      "afterHooks": [],
      "tests": [],
      "suites": [
        {
          "uuid": "449dcc2a-311f-4c32-8fd2-113bc17300a6",
          "title": "Login Suite",
          "fullFile": "",
          "file": "",
          "beforeHooks": [],
          "afterHooks": [],
          "tests": [
            {
              "title": "Login test",
              "fullTitle": "Login Suite Login test",
              "timedOut": null,
              "duration": 3253,
              "state": "passed",
              "speed": "fast",
              "pass": true,
              "fail": false,
              "pending": false,
              "context": null,
              "code": "//arrange\ncy.visit('http://uitestingplayground.com/home'); //act\ncy.wrap('passed').as('ctrl');\ncy.get(\"a:not([href*='mailto:]']\").each($el => {\n  if ($el.prop('href').length > 0) {\n    const message = $el.text();\n    expect($el, message).to.have.attr(\"href\").not.contain(\"undefined\");\n    cy.log($el.attr('href'));\n  }\n}); //Assert",
              "err": {},
              "uuid": "f3a630d6-38d4-4c05-96e3-2491655a92eb",
              "parentUUID": "449dcc2a-311f-4c32-8fd2-113bc17300a6",
              "isHook": false,
              "skipped": false
            }
          ],
          "suites": [],
          "passes": [
            "f3a630d6-38d4-4c05-96e3-2491655a92eb"
          ],
          "failures": [],
          "pending": [],
          "skipped": [],
          "duration": 3253,
          "root": false,
          "rootEmpty": false,
          "_timeout": 2000
        }
      ],
      "passes": [],
      "failures": [],
      "pending": [],
      "skipped": [],
      "duration": 0,
      "root": true,
      "rootEmpty": true,
      "_timeout": 2000
    }
  ],
  "meta": {
    "mocha": {
      "version": "7.0.1"
    },
    "mochawesome": {
      "options": {
        "quiet": false,
        "reportFilename": "mochawesome",
        "saveHtml": true,
        "saveJson": true,
        "consoleReporter": "spec",
        "useInlineDiffs": false,
        "code": true
      },
      "version": "7.0.1"
    },
    "marge": {
      "options": {
        "reporterDir": "cypress/report/mochawesome-reports",
        "overwrite": false,
        "html": true,
        "json": true,
        "timestamp": "mmddyyyy_HHMMss"
      },
      "version": "6.0.1"
    }
  }
}