{
  "stats": {
    "suites": 1,
    "tests": 2,
    "passes": 1,
    "pending": 0,
    "failures": 1,
    "start": "2022-01-27T12:58:30.491Z",
    "end": "2022-01-27T12:58:33.879Z",
    "duration": 3388,
    "testsRegistered": 2,
    "passPercent": 50,
    "pendingPercent": 0,
    "other": 0,
    "hasOther": false,
    "skipped": 0,
    "hasSkipped": false
  },
  "results": [
    {
      "uuid": "19f6b5b5-4815-44bb-ba23-adf72eea1ca0",
      "title": "",
      "fullFile": "cypress/integration/api_tests/gettest.js",
      "file": "cypress/integration/api_tests/gettest.js",
      "beforeHooks": [],
      "afterHooks": [],
      "tests": [],
      "suites": [
        {
          "uuid": "7f970e40-d21d-457f-b2e5-4020e460520f",
          "title": "CRUD Test cases",
          "fullFile": "",
          "file": "",
          "beforeHooks": [],
          "afterHooks": [],
          "tests": [
            {
              "title": "get users",
              "fullTitle": "CRUD Test cases get users",
              "timedOut": null,
              "duration": 2981,
              "state": "failed",
              "speed": null,
              "pass": false,
              "fail": true,
              "pending": false,
              "context": null,
              "code": "cy.request({\n  method: 'POST',\n  url: BaseURL + '/auth',\n  headers: {\n    'Content-Type': 'application/json'\n  },\n  body: {\n    \"username\": \"admin\",\n    \"password\": \"password123\"\n  }\n}).then(res => {\n  expect(res.status).to.equal(200);\n}).then(res => {\n  const token = res.body.token;\n  cy.log(\"Token is \" + token);\n  cy.request({\n    //Creating a new booking\n    method: 'POST',\n    url: BaseURL + '/booking',\n    failOnStatusCode: false,\n    headers: {\n      'Content-Type': 'application/json'\n    },\n    body: {\n      \"firstname\": null,\n      \"lastname\": \"Brown\",\n      \"totalprice\": 111,\n      \"depositpaid\": true,\n      \"bookingdates\": {\n        \"checkin\": \"2023-01-01\",\n        \"checkout\": \"2019-01-01\"\n      },\n      \"additionalneeds\": \"Breakfast\"\n    }\n  }).then(res => {\n    expect(res.status).to.equal(200);\n  }).then(res => {\n    const bookingID = res.body.bookingid;\n    cy.log(\"Booking ID is \" + bookingID);\n  });\n});",
              "err": {
                "message": "AssertionError: expected 500 to equal 200",
                "estack": "AssertionError: expected 500 to equal 200\n    at Context.eval (http://localhost:53379/__cypress/tests?p=cypress/integration/api_tests/gettest.js:138:31)",
                "diff": "- 500\n+ 200\n"
              },
              "uuid": "c60e2afc-ce89-4b9d-91ee-9f76d60b5fb5",
              "parentUUID": "7f970e40-d21d-457f-b2e5-4020e460520f",
              "isHook": false,
              "skipped": false
            },
            {
              "title": "Get booking",
              "fullTitle": "CRUD Test cases Get booking",
              "timedOut": null,
              "duration": 357,
              "state": "passed",
              "speed": "fast",
              "pass": true,
              "fail": false,
              "pending": false,
              "context": null,
              "code": "cy.request({\n  method: 'GET',\n  url: BaseURL + '/booking/1',\n  headers: {\n    'Content-Type': 'application/json'\n  }\n}).then(res => {\n  expect(res.status).to.equal(200);\n});",
              "err": {},
              "uuid": "cab06d5a-fa34-48c7-85ea-bfa3b6120b8e",
              "parentUUID": "7f970e40-d21d-457f-b2e5-4020e460520f",
              "isHook": false,
              "skipped": false
            }
          ],
          "suites": [],
          "passes": [
            "cab06d5a-fa34-48c7-85ea-bfa3b6120b8e"
          ],
          "failures": [
            "c60e2afc-ce89-4b9d-91ee-9f76d60b5fb5"
          ],
          "pending": [],
          "skipped": [],
          "duration": 3338,
          "root": false,
          "rootEmpty": false,
          "_timeout": 2000
        }
      ],
      "passes": [],
      "failures": [],
      "pending": [],
      "skipped": [],
      "duration": 0,
      "root": true,
      "rootEmpty": true,
      "_timeout": 2000
    }
  ],
  "meta": {
    "mocha": {
      "version": "7.0.1"
    },
    "mochawesome": {
      "options": {
        "quiet": false,
        "reportFilename": "mochawesome",
        "saveHtml": true,
        "saveJson": true,
        "consoleReporter": "spec",
        "useInlineDiffs": false,
        "code": true
      },
      "version": "7.0.1"
    },
    "marge": {
      "options": {
        "reporterDir": "cypress/report/mochawesome-reports",
        "overwrite": true,
        "html": true,
        "json": true,
        "timestamp": "mmddyyyy_HHMMss"
      },
      "version": "6.0.1"
    }
  }
}